

Started GET "/about" for 192.168.33.1 at 2015-07-20 13:09:00 +0000
Processing by StaticPagesController#about as HTML
  Rendered static_pages/about.html.erb within layouts/application (1.1ms)
  Rendered layouts/_shim.html.erb (0.6ms)
  Rendered layouts/_header.html.erb (1.2ms)
  Rendered layouts/_footer.html.erb (1.1ms)
Completed 200 OK in 2183ms (Views: 2182.8ms | ActiveRecord: 0.0ms)


Started GET "/assets/custom.css?body=1" for 192.168.33.1 at 2015-07-20 13:09:03 +0000


Started GET "/assets/static_pages.css?body=1" for 192.168.33.1 at 2015-07-20 13:09:03 +0000


Started GET "/assets/jquery_ujs.js?body=1" for 192.168.33.1 at 2015-07-20 13:09:03 +0000


Started GET "/assets/turbolinks.js?body=1" for 192.168.33.1 at 2015-07-20 13:09:03 +0000


Started GET "/assets/jquery.js?body=1" for 192.168.33.1 at 2015-07-20 13:09:03 +0000


Started GET "/assets/application.css?body=1" for 192.168.33.1 at 2015-07-20 13:09:03 +0000


Started GET "/assets/static_pages.js?body=1" for 192.168.33.1 at 2015-07-20 13:09:03 +0000


Started GET "/assets/application.js?body=1" for 192.168.33.1 at 2015-07-20 13:09:03 +0000


Started GET "/users/new" for 192.168.33.1 at 2015-07-20 13:43:21 +0000
Processing by UsersController#new as HTML
  Rendered users/new.html.erb within layouts/application (0.7ms)
  Rendered layouts/_shim.html.erb (0.3ms)
  Rendered layouts/_header.html.erb (1.1ms)
  Rendered layouts/_footer.html.erb (1.0ms)
Completed 200 OK in 362ms (Views: 360.4ms | ActiveRecord: 0.0ms)


Started GET "/assets/application.css?body=1" for 192.168.33.1 at 2015-07-20 13:43:22 +0000


Started GET "/assets/custom.css?body=1" for 192.168.33.1 at 2015-07-20 13:43:22 +0000


Started GET "/assets/users.css?body=1" for 192.168.33.1 at 2015-07-20 13:43:22 +0000


Started GET "/assets/static_pages.css?body=1" for 192.168.33.1 at 2015-07-20 13:43:22 +0000


Started GET "/assets/jquery.js?body=1" for 192.168.33.1 at 2015-07-20 13:43:22 +0000


Started GET "/assets/jquery_ujs.js?body=1" for 192.168.33.1 at 2015-07-20 13:43:22 +0000


Started GET "/assets/turbolinks.js?body=1" for 192.168.33.1 at 2015-07-20 13:43:22 +0000


Started GET "/assets/static_pages.js?body=1" for 192.168.33.1 at 2015-07-20 13:43:22 +0000


Started GET "/assets/users.js?body=1" for 192.168.33.1 at 2015-07-20 13:43:22 +0000


Started GET "/assets/application.js?body=1" for 192.168.33.1 at 2015-07-20 13:43:22 +0000
  [1m[36m (41.8ms)[0m  [1mCREATE TABLE "schema_migrations" ("version" varchar(255) NOT NULL) [0m
  [1m[35m (13.3ms)[0m  CREATE UNIQUE INDEX "unique_schema_migrations" ON "schema_migrations" ("version")
  [1m[36mActiveRecord::SchemaMigration Load (0.2ms)[0m  [1mSELECT "schema_migrations".* FROM "schema_migrations"[0m
  [1m[36m (29.5ms)[0m  [1mCREATE TABLE "schema_migrations" ("version" varchar(255) NOT NULL) [0m
  [1m[35m (5.9ms)[0m  CREATE UNIQUE INDEX "unique_schema_migrations" ON "schema_migrations" ("version")
  [1m[36m (0.1ms)[0m  [1mSELECT version FROM "schema_migrations"[0m
  [1m[35m (3.5ms)[0m  INSERT INTO "schema_migrations" (version) VALUES ('0')
  [1m[36mActiveRecord::SchemaMigration Load (0.1ms)[0m  [1mSELECT "schema_migrations".* FROM "schema_migrations"[0m


Started GET "/signup" for 192.168.33.1 at 2015-07-20 13:54:24 +0000
Processing by UsersController#new as HTML
  Rendered users/new.html.erb within layouts/application (1.0ms)
  Rendered layouts/_shim.html.erb (0.3ms)
  Rendered layouts/_header.html.erb (1.0ms)
  Rendered layouts/_footer.html.erb (1.0ms)
Completed 200 OK in 87ms (Views: 86.3ms | ActiveRecord: 0.0ms)


Started GET "/assets/custom.css?body=1" for 192.168.33.1 at 2015-07-20 13:54:25 +0000


Started GET "/assets/users.css?body=1" for 192.168.33.1 at 2015-07-20 13:54:25 +0000


Started GET "/assets/static_pages.css?body=1" for 192.168.33.1 at 2015-07-20 13:54:25 +0000


Started GET "/assets/jquery_ujs.js?body=1" for 192.168.33.1 at 2015-07-20 13:54:25 +0000


Started GET "/assets/jquery.js?body=1" for 192.168.33.1 at 2015-07-20 13:54:25 +0000


Started GET "/assets/application.css?body=1" for 192.168.33.1 at 2015-07-20 13:54:25 +0000


Started GET "/assets/turbolinks.js?body=1" for 192.168.33.1 at 2015-07-20 13:54:25 +0000


Started GET "/assets/static_pages.js?body=1" for 192.168.33.1 at 2015-07-20 13:54:25 +0000


Started GET "/assets/users.js?body=1" for 192.168.33.1 at 2015-07-20 13:54:25 +0000


Started GET "/assets/application.js?body=1" for 192.168.33.1 at 2015-07-20 13:54:25 +0000
  [1m[36mActiveRecord::SchemaMigration Load (0.1ms)[0m  [1mSELECT "schema_migrations".* FROM "schema_migrations"[0m
Migrating to CreateUsers (20150726090949)
  [1m[35m (0.1ms)[0m  begin transaction
  [1m[36m (0.4ms)[0m  [1mCREATE TABLE "users" ("id" INTEGER PRIMARY KEY AUTOINCREMENT NOT NULL, "name" varchar(255), "email" varchar(255), "created_at" datetime, "updated_at" datetime) [0m
  [1m[35mSQL (0.2ms)[0m  INSERT INTO "schema_migrations" ("version") VALUES (?)  [["version", "20150726090949"]]
  [1m[36m (24.7ms)[0m  [1mcommit transaction[0m
  [1m[35mActiveRecord::SchemaMigration Load (0.1ms)[0m  SELECT "schema_migrations".* FROM "schema_migrations"
  [1m[36m (0.3ms)[0m  [1mbegin transaction[0m
  [1m[35m (0.1ms)[0m  SAVEPOINT active_record_1
  [1m[36mSQL (30.6ms)[0m  [1mINSERT INTO "users" ("created_at", "email", "name", "updated_at") VALUES (?, ?, ?, ?)[0m  [["created_at", Sun, 26 Jul 2015 11:00:08 UTC +00:00], ["email", "mhartl@example.com"], ["name", "Michael Hartl"], ["updated_at", Sun, 26 Jul 2015 11:00:08 UTC +00:00]]
  [1m[35m (0.2ms)[0m  RELEASE SAVEPOINT active_record_1
  [1m[36m (0.0ms)[0m  [1mSAVEPOINT active_record_1[0m
  [1m[35mSQL (1.0ms)[0m  INSERT INTO "users" ("created_at", "email", "name", "updated_at") VALUES (?, ?, ?, ?)  [["created_at", Sun, 26 Jul 2015 11:10:02 UTC +00:00], ["email", "another@example.org"], ["name", "A Nother"], ["updated_at", Sun, 26 Jul 2015 11:10:02 UTC +00:00]]
  [1m[36m (0.1ms)[0m  [1mRELEASE SAVEPOINT active_record_1[0m
  [1m[35m (0.2ms)[0m  SAVEPOINT active_record_1
  [1m[36mSQL (0.4ms)[0m  [1mINSERT INTO "users" ("created_at", "email", "name", "updated_at") VALUES (?, ?, ?, ?)[0m  [["created_at", Sun, 26 Jul 2015 11:11:22 UTC +00:00], ["email", "foo@bar.com"], ["name", "Foo"], ["updated_at", Sun, 26 Jul 2015 11:11:22 UTC +00:00]]
  [1m[35m (0.5ms)[0m  RELEASE SAVEPOINT active_record_1
  [1m[36m (0.2ms)[0m  [1mSAVEPOINT active_record_1[0m
  [1m[35mSQL (0.3ms)[0m  DELETE FROM "users" WHERE "users"."id" = ?  [["id", 3]]
  [1m[36m (0.4ms)[0m  [1mRELEASE SAVEPOINT active_record_1[0m
  [1m[35mUser Load (0.7ms)[0m  SELECT "users".* FROM "users" WHERE "users"."id" = ? LIMIT 1  [["id", 1]]
  [1m[36mUser Load (0.2ms)[0m  [1mSELECT "users".* FROM "users" WHERE "users"."id" = ? LIMIT 1[0m  [["id", 3]]
  [1m[35mUser Load (0.1ms)[0m  SELECT "users".* FROM "users" WHERE "users"."id" = ? LIMIT 1  [["id", 2]]
  [1m[36mUser Load (0.2ms)[0m  [1mSELECT "users".* FROM "users" WHERE "users"."email" = 'mhartl@example.com' LIMIT 1[0m
  [1m[35mUser Load (0.4ms)[0m  SELECT "users".* FROM "users" WHERE "users"."email" = 'mhartl@example.com' LIMIT 1
  [1m[36mUser Load (0.3ms)[0m  [1mSELECT "users".* FROM "users" WHERE "users"."email" = 'mhartl@example.com' LIMIT 1[0m
  [1m[35mUser Load (0.2ms)[0m  SELECT "users".* FROM "users" ORDER BY "users"."id" ASC LIMIT 1
  [1m[36mUser Load (0.2ms)[0m  [1mSELECT "users".* FROM "users"[0m
  [1m[35mUser Load (0.2ms)[0m  SELECT "users".* FROM "users"
  [1m[36m (0.1ms)[0m  [1mSAVEPOINT active_record_1[0m
  [1m[35mSQL (0.4ms)[0m  UPDATE "users" SET "email" = ?, "updated_at" = ? WHERE "users"."id" = 1  [["email", "mhartl@example.net"], ["updated_at", Sun, 26 Jul 2015 11:33:54 UTC +00:00]]
  [1m[36m (1.2ms)[0m  [1mRELEASE SAVEPOINT active_record_1[0m
  [1m[35mUser Load (0.1ms)[0m  SELECT "users".* FROM "users" WHERE "users"."id" = ? LIMIT 1  [["id", 1]]
  [1m[36mActiveRecord::SchemaMigration Load (0.2ms)[0m  [1mSELECT "schema_migrations".* FROM "schema_migrations"[0m
  [1m[35mActiveRecord::SchemaMigration Load (0.0ms)[0m  SELECT "schema_migrations".* FROM "schema_migrations"
  [1m[36m (16.6ms)[0m  [1mCREATE TABLE "users" ("id" INTEGER PRIMARY KEY AUTOINCREMENT NOT NULL, "name" varchar(255), "email" varchar(255), "created_at" datetime, "updated_at" datetime) [0m
  [1m[35m (38.2ms)[0m  CREATE TABLE "schema_migrations" ("version" varchar(255) NOT NULL) 
  [1m[36m (15.7ms)[0m  [1mCREATE UNIQUE INDEX "unique_schema_migrations" ON "schema_migrations" ("version")[0m
  [1m[35m (0.1ms)[0m  SELECT version FROM "schema_migrations"
  [1m[36m (4.6ms)[0m  [1mINSERT INTO "schema_migrations" (version) VALUES ('20150726090949')[0m
  [1m[36m (25.1ms)[0m  [1mCREATE TABLE "users" ("id" INTEGER PRIMARY KEY AUTOINCREMENT NOT NULL, "name" varchar(255), "email" varchar(255), "created_at" datetime, "updated_at" datetime) [0m
  [1m[35m (18.3ms)[0m  CREATE TABLE "schema_migrations" ("version" varchar(255) NOT NULL) 
  [1m[36m (6.4ms)[0m  [1mCREATE UNIQUE INDEX "unique_schema_migrations" ON "schema_migrations" ("version")[0m
  [1m[35m (0.1ms)[0m  SELECT version FROM "schema_migrations"
  [1m[36m (24.4ms)[0m  [1mINSERT INTO "schema_migrations" (version) VALUES ('20150726090949')[0m
  [1m[36m (0.4ms)[0m  [1mbegin transaction[0m
  [1m[35m (0.1ms)[0m  rollback transaction
  [1m[36m (0.3ms)[0m  [1mbegin transaction[0m
  [1m[35m (0.2ms)[0m  SAVEPOINT active_record_1
  [1m[36m (0.0ms)[0m  [1mROLLBACK TO SAVEPOINT active_record_1[0m
  [1m[35m (0.1ms)[0m  rollback transaction
  [1m[36m (0.3ms)[0m  [1mbegin transaction[0m
  [1m[35m (0.2ms)[0m  rollback transaction
  [1m[36mActiveRecord::SchemaMigration Load (22.4ms)[0m  [1mSELECT "schema_migrations".* FROM "schema_migrations"[0m
Migrating to AddIndexToUsersEmail (20150811133130)
  [1m[35m (0.1ms)[0m  begin transaction
  [1m[36m (0.3ms)[0m  [1mCREATE UNIQUE INDEX "index_users_on_email" ON "users" ("email")[0m
  [1m[35mSQL (0.3ms)[0m  INSERT INTO "schema_migrations" ("version") VALUES (?)  [["version", "20150811133130"]]
  [1m[36m (61.2ms)[0m  [1mcommit transaction[0m
  [1m[35mActiveRecord::SchemaMigration Load (0.6ms)[0m  SELECT "schema_migrations".* FROM "schema_migrations"
  [1m[36mActiveRecord::SchemaMigration Load (0.1ms)[0m  [1mSELECT "schema_migrations".* FROM "schema_migrations"[0m
Migrating to AddPasswordDigestToUsers (20150811151045)
  [1m[35m (0.1ms)[0m  begin transaction
  [1m[36m (0.7ms)[0m  [1mALTER TABLE "users" ADD "password_digest" varchar(255)[0m
  [1m[35mSQL (0.1ms)[0m  INSERT INTO "schema_migrations" ("version") VALUES (?)  [["version", "20150811151045"]]
  [1m[36m (12.0ms)[0m  [1mcommit transaction[0m
  [1m[35mActiveRecord::SchemaMigration Load (0.1ms)[0m  SELECT "schema_migrations".* FROM "schema_migrations"
  [1m[36m (14.3ms)[0m  [1mCREATE TABLE "users" ("id" INTEGER PRIMARY KEY AUTOINCREMENT NOT NULL, "name" varchar(255), "email" varchar(255), "created_at" datetime, "updated_at" datetime, "password_digest" varchar(255)) [0m
  [1m[35m (29.7ms)[0m  CREATE UNIQUE INDEX "index_users_on_email" ON "users" ("email")
  [1m[36m (7.1ms)[0m  [1mCREATE TABLE "schema_migrations" ("version" varchar(255) NOT NULL) [0m
  [1m[35m (23.1ms)[0m  CREATE UNIQUE INDEX "unique_schema_migrations" ON "schema_migrations" ("version")
  [1m[36m (0.6ms)[0m  [1mSELECT version FROM "schema_migrations"[0m
  [1m[35m (5.4ms)[0m  INSERT INTO "schema_migrations" (version) VALUES ('20150811151045')
  [1m[36m (12.2ms)[0m  [1mINSERT INTO "schema_migrations" (version) VALUES ('20150726090949')[0m
  [1m[35m (5.3ms)[0m  INSERT INTO "schema_migrations" (version) VALUES ('20150811133130')
  [1m[36m (0.1ms)[0m  [1mbegin transaction[0m
  [1m[35mUser Exists (0.2ms)[0m  SELECT 1 AS one FROM "users" WHERE LOWER("users"."email") = LOWER('mhartl@example.com') LIMIT 1
Binary data inserted for `string` type on column `password_digest`
  [1m[36mSQL (18.1ms)[0m  [1mINSERT INTO "users" ("created_at", "email", "name", "password_digest", "updated_at") VALUES (?, ?, ?, ?, ?)[0m  [["created_at", Thu, 13 Aug 2015 10:51:20 UTC +00:00], ["email", "mhartl@example.com"], ["name", "Michael Hartl"], ["password_digest", "$2a$10$A3OW2/Ya2Sm0z.ZXA/cX8uwz1/pcE0VWeiHs9cSbKBqhhWr0TYnJS"], ["updated_at", Thu, 13 Aug 2015 10:51:20 UTC +00:00]]
  [1m[35m (10.3ms)[0m  commit transaction
  [1m[36mUser Load (0.2ms)[0m  [1mSELECT "users".* FROM "users" WHERE "users"."email" = 'mhartl@example.com' LIMIT 1[0m


Started GET "/" for 192.168.33.1 at 2015-08-13 11:39:27 +0000
  [1m[36mActiveRecord::SchemaMigration Load (0.1ms)[0m  [1mSELECT "schema_migrations".* FROM "schema_migrations"[0m
Processing by StaticPagesController#home as HTML
  Rendered static_pages/home.html.erb within layouts/application (31.0ms)
  Rendered layouts/_shim.html.erb (0.3ms)
  Rendered layouts/_header.html.erb (0.7ms)
  Rendered layouts/_footer.html.erb (1.0ms)
Completed 200 OK in 1183ms (Views: 1182.6ms | ActiveRecord: 0.0ms)


Started GET "/assets/application.css?body=1" for 192.168.33.1 at 2015-08-13 11:39:28 +0000


Started GET "/assets/custom.css?body=1" for 192.168.33.1 at 2015-08-13 11:39:28 +0000


Started GET "/assets/static_pages.css?body=1" for 192.168.33.1 at 2015-08-13 11:39:28 +0000


Started GET "/assets/users.css?body=1" for 192.168.33.1 at 2015-08-13 11:39:28 +0000


Started GET "/assets/jquery.js?body=1" for 192.168.33.1 at 2015-08-13 11:39:28 +0000


Started GET "/assets/jquery_ujs.js?body=1" for 192.168.33.1 at 2015-08-13 11:39:28 +0000


Started GET "/assets/turbolinks.js?body=1" for 192.168.33.1 at 2015-08-13 11:39:28 +0000


Started GET "/assets/static_pages.js?body=1" for 192.168.33.1 at 2015-08-13 11:39:28 +0000


Started GET "/assets/users.js?body=1" for 192.168.33.1 at 2015-08-13 11:39:29 +0000


Started GET "/assets/application.js?body=1" for 192.168.33.1 at 2015-08-13 11:39:29 +0000


Started GET "/images/rails.png" for 192.168.33.1 at 2015-08-13 11:39:29 +0000

ActionController::RoutingError (No route matches [GET] "/images/rails.png"):
  actionpack (4.0.5) lib/action_dispatch/middleware/debug_exceptions.rb:21:in `call'
  actionpack (4.0.5) lib/action_dispatch/middleware/show_exceptions.rb:30:in `call'
  railties (4.0.5) lib/rails/rack/logger.rb:38:in `call_app'
  railties (4.0.5) lib/rails/rack/logger.rb:20:in `block in call'
  activesupport (4.0.5) lib/active_support/tagged_logging.rb:68:in `block in tagged'
  activesupport (4.0.5) lib/active_support/tagged_logging.rb:26:in `tagged'
  activesupport (4.0.5) lib/active_support/tagged_logging.rb:68:in `tagged'
  railties (4.0.5) lib/rails/rack/logger.rb:20:in `call'
  actionpack (4.0.5) lib/action_dispatch/middleware/request_id.rb:21:in `call'
  rack (1.5.5) lib/rack/methodoverride.rb:21:in `call'
  rack (1.5.5) lib/rack/runtime.rb:17:in `call'
  activesupport (4.0.5) lib/active_support/cache/strategy/local_cache.rb:83:in `call'
  rack (1.5.5) lib/rack/lock.rb:17:in `call'
  actionpack (4.0.5) lib/action_dispatch/middleware/static.rb:64:in `call'
  rack (1.5.5) lib/rack/sendfile.rb:112:in `call'
  railties (4.0.5) lib/rails/engine.rb:511:in `call'
  railties (4.0.5) lib/rails/application.rb:97:in `call'
  rack (1.5.5) lib/rack/lock.rb:17:in `call'
  rack (1.5.5) lib/rack/content_length.rb:14:in `call'
  rack (1.5.5) lib/rack/handler/webrick.rb:60:in `service'
  /home/vagrant/.rvm/rubies/ruby-2.0.0-p645/lib/ruby/2.0.0/webrick/httpserver.rb:138:in `service'
  /home/vagrant/.rvm/rubies/ruby-2.0.0-p645/lib/ruby/2.0.0/webrick/httpserver.rb:94:in `run'
  /home/vagrant/.rvm/rubies/ruby-2.0.0-p645/lib/ruby/2.0.0/webrick/server.rb:295:in `block in start_thread'


  Rendered /home/vagrant/.rvm/gems/ruby-2.0.0-p645@railstutorial_rails_4_0/gems/actionpack-4.0.5/lib/action_dispatch/middleware/templates/rescues/_trace.erb (1.9ms)
  Rendered /home/vagrant/.rvm/gems/ruby-2.0.0-p645@railstutorial_rails_4_0/gems/actionpack-4.0.5/lib/action_dispatch/middleware/templates/routes/_route.html.erb (0.9ms)
  Rendered /home/vagrant/.rvm/gems/ruby-2.0.0-p645@railstutorial_rails_4_0/gems/actionpack-4.0.5/lib/action_dispatch/middleware/templates/routes/_table.html.erb (33.8ms)
  Rendered /home/vagrant/.rvm/gems/ruby-2.0.0-p645@railstutorial_rails_4_0/gems/actionpack-4.0.5/lib/action_dispatch/middleware/templates/rescues/routing_error.erb within rescues/layout (74.7ms)


Started GET "/user/1" for 192.168.33.1 at 2015-08-13 12:03:43 +0000

ActionController::RoutingError (No route matches [GET] "/user/1"):
  actionpack (4.0.5) lib/action_dispatch/middleware/debug_exceptions.rb:21:in `call'
  actionpack (4.0.5) lib/action_dispatch/middleware/show_exceptions.rb:30:in `call'
  railties (4.0.5) lib/rails/rack/logger.rb:38:in `call_app'
  railties (4.0.5) lib/rails/rack/logger.rb:20:in `block in call'
  activesupport (4.0.5) lib/active_support/tagged_logging.rb:68:in `block in tagged'
  activesupport (4.0.5) lib/active_support/tagged_logging.rb:26:in `tagged'
  activesupport (4.0.5) lib/active_support/tagged_logging.rb:68:in `tagged'
  railties (4.0.5) lib/rails/rack/logger.rb:20:in `call'
  actionpack (4.0.5) lib/action_dispatch/middleware/request_id.rb:21:in `call'
  rack (1.5.5) lib/rack/methodoverride.rb:21:in `call'
  rack (1.5.5) lib/rack/runtime.rb:17:in `call'
  activesupport (4.0.5) lib/active_support/cache/strategy/local_cache.rb:83:in `call'
  rack (1.5.5) lib/rack/lock.rb:17:in `call'
  actionpack (4.0.5) lib/action_dispatch/middleware/static.rb:64:in `call'
  rack (1.5.5) lib/rack/sendfile.rb:112:in `call'
  railties (4.0.5) lib/rails/engine.rb:511:in `call'
  railties (4.0.5) lib/rails/application.rb:97:in `call'
  rack (1.5.5) lib/rack/lock.rb:17:in `call'
  rack (1.5.5) lib/rack/content_length.rb:14:in `call'
  rack (1.5.5) lib/rack/handler/webrick.rb:60:in `service'
  /home/vagrant/.rvm/rubies/ruby-2.0.0-p645/lib/ruby/2.0.0/webrick/httpserver.rb:138:in `service'
  /home/vagrant/.rvm/rubies/ruby-2.0.0-p645/lib/ruby/2.0.0/webrick/httpserver.rb:94:in `run'
  /home/vagrant/.rvm/rubies/ruby-2.0.0-p645/lib/ruby/2.0.0/webrick/server.rb:295:in `block in start_thread'


  Rendered /home/vagrant/.rvm/gems/ruby-2.0.0-p645@railstutorial_rails_4_0/gems/actionpack-4.0.5/lib/action_dispatch/middleware/templates/rescues/_trace.erb (1.1ms)
  Rendered /home/vagrant/.rvm/gems/ruby-2.0.0-p645@railstutorial_rails_4_0/gems/actionpack-4.0.5/lib/action_dispatch/middleware/templates/routes/_route.html.erb (1.2ms)
  Rendered /home/vagrant/.rvm/gems/ruby-2.0.0-p645@railstutorial_rails_4_0/gems/actionpack-4.0.5/lib/action_dispatch/middleware/templates/routes/_table.html.erb (1.7ms)
  Rendered /home/vagrant/.rvm/gems/ruby-2.0.0-p645@railstutorial_rails_4_0/gems/actionpack-4.0.5/lib/action_dispatch/middleware/templates/rescues/routing_error.erb within rescues/layout (21.1ms)


Started GET "/user/1" for 192.168.33.1 at 2015-08-13 12:05:46 +0000

ActionController::RoutingError (No route matches [GET] "/user/1"):
  actionpack (4.0.5) lib/action_dispatch/middleware/debug_exceptions.rb:21:in `call'
  actionpack (4.0.5) lib/action_dispatch/middleware/show_exceptions.rb:30:in `call'
  railties (4.0.5) lib/rails/rack/logger.rb:38:in `call_app'
  railties (4.0.5) lib/rails/rack/logger.rb:20:in `block in call'
  activesupport (4.0.5) lib/active_support/tagged_logging.rb:68:in `block in tagged'
  activesupport (4.0.5) lib/active_support/tagged_logging.rb:26:in `tagged'
  activesupport (4.0.5) lib/active_support/tagged_logging.rb:68:in `tagged'
  railties (4.0.5) lib/rails/rack/logger.rb:20:in `call'
  actionpack (4.0.5) lib/action_dispatch/middleware/request_id.rb:21:in `call'
  rack (1.5.5) lib/rack/methodoverride.rb:21:in `call'
  rack (1.5.5) lib/rack/runtime.rb:17:in `call'
  activesupport (4.0.5) lib/active_support/cache/strategy/local_cache.rb:83:in `call'
  rack (1.5.5) lib/rack/lock.rb:17:in `call'
  actionpack (4.0.5) lib/action_dispatch/middleware/static.rb:64:in `call'
  rack (1.5.5) lib/rack/sendfile.rb:112:in `call'
  railties (4.0.5) lib/rails/engine.rb:511:in `call'
  railties (4.0.5) lib/rails/application.rb:97:in `call'
  rack (1.5.5) lib/rack/lock.rb:17:in `call'
  rack (1.5.5) lib/rack/content_length.rb:14:in `call'
  rack (1.5.5) lib/rack/handler/webrick.rb:60:in `service'
  /home/vagrant/.rvm/rubies/ruby-2.0.0-p645/lib/ruby/2.0.0/webrick/httpserver.rb:138:in `service'
  /home/vagrant/.rvm/rubies/ruby-2.0.0-p645/lib/ruby/2.0.0/webrick/httpserver.rb:94:in `run'
  /home/vagrant/.rvm/rubies/ruby-2.0.0-p645/lib/ruby/2.0.0/webrick/server.rb:295:in `block in start_thread'


  Rendered /home/vagrant/.rvm/gems/ruby-2.0.0-p645@railstutorial_rails_4_0/gems/actionpack-4.0.5/lib/action_dispatch/middleware/templates/rescues/_trace.erb (1.1ms)
  Rendered /home/vagrant/.rvm/gems/ruby-2.0.0-p645@railstutorial_rails_4_0/gems/actionpack-4.0.5/lib/action_dispatch/middleware/templates/routes/_route.html.erb (0.8ms)
  Rendered /home/vagrant/.rvm/gems/ruby-2.0.0-p645@railstutorial_rails_4_0/gems/actionpack-4.0.5/lib/action_dispatch/middleware/templates/routes/_table.html.erb (1.1ms)
  Rendered /home/vagrant/.rvm/gems/ruby-2.0.0-p645@railstutorial_rails_4_0/gems/actionpack-4.0.5/lib/action_dispatch/middleware/templates/rescues/routing_error.erb within rescues/layout (15.6ms)


Started GET "/user/1" for 192.168.33.1 at 2015-08-13 12:06:27 +0000
  [1m[36mActiveRecord::SchemaMigration Load (0.1ms)[0m  [1mSELECT "schema_migrations".* FROM "schema_migrations"[0m

ActionController::RoutingError (No route matches [GET] "/user/1"):
  actionpack (4.0.5) lib/action_dispatch/middleware/debug_exceptions.rb:21:in `call'
  actionpack (4.0.5) lib/action_dispatch/middleware/show_exceptions.rb:30:in `call'
  railties (4.0.5) lib/rails/rack/logger.rb:38:in `call_app'
  railties (4.0.5) lib/rails/rack/logger.rb:20:in `block in call'
  activesupport (4.0.5) lib/active_support/tagged_logging.rb:68:in `block in tagged'
  activesupport (4.0.5) lib/active_support/tagged_logging.rb:26:in `tagged'
  activesupport (4.0.5) lib/active_support/tagged_logging.rb:68:in `tagged'
  railties (4.0.5) lib/rails/rack/logger.rb:20:in `call'
  actionpack (4.0.5) lib/action_dispatch/middleware/request_id.rb:21:in `call'
  rack (1.5.5) lib/rack/methodoverride.rb:21:in `call'
  rack (1.5.5) lib/rack/runtime.rb:17:in `call'
  activesupport (4.0.5) lib/active_support/cache/strategy/local_cache.rb:83:in `call'
  rack (1.5.5) lib/rack/lock.rb:17:in `call'
  actionpack (4.0.5) lib/action_dispatch/middleware/static.rb:64:in `call'
  rack (1.5.5) lib/rack/sendfile.rb:112:in `call'
  railties (4.0.5) lib/rails/engine.rb:511:in `call'
  railties (4.0.5) lib/rails/application.rb:97:in `call'
  rack (1.5.5) lib/rack/lock.rb:17:in `call'
  rack (1.5.5) lib/rack/content_length.rb:14:in `call'
  rack (1.5.5) lib/rack/handler/webrick.rb:60:in `service'
  /home/vagrant/.rvm/rubies/ruby-2.0.0-p645/lib/ruby/2.0.0/webrick/httpserver.rb:138:in `service'
  /home/vagrant/.rvm/rubies/ruby-2.0.0-p645/lib/ruby/2.0.0/webrick/httpserver.rb:94:in `run'
  /home/vagrant/.rvm/rubies/ruby-2.0.0-p645/lib/ruby/2.0.0/webrick/server.rb:295:in `block in start_thread'


  Rendered /home/vagrant/.rvm/gems/ruby-2.0.0-p645@railstutorial_rails_4_0/gems/actionpack-4.0.5/lib/action_dispatch/middleware/templates/rescues/_trace.erb (1.7ms)
  Rendered /home/vagrant/.rvm/gems/ruby-2.0.0-p645@railstutorial_rails_4_0/gems/actionpack-4.0.5/lib/action_dispatch/middleware/templates/routes/_route.html.erb (1.0ms)
  Rendered /home/vagrant/.rvm/gems/ruby-2.0.0-p645@railstutorial_rails_4_0/gems/actionpack-4.0.5/lib/action_dispatch/middleware/templates/routes/_table.html.erb (3.8ms)
  Rendered /home/vagrant/.rvm/gems/ruby-2.0.0-p645@railstutorial_rails_4_0/gems/actionpack-4.0.5/lib/action_dispatch/middleware/templates/rescues/routing_error.erb within rescues/layout (25.4ms)


Started GET "/user/1" for 192.168.33.1 at 2015-08-13 12:06:47 +0000

ActionController::RoutingError (No route matches [GET] "/user/1"):
  actionpack (4.0.5) lib/action_dispatch/middleware/debug_exceptions.rb:21:in `call'
  actionpack (4.0.5) lib/action_dispatch/middleware/show_exceptions.rb:30:in `call'
  railties (4.0.5) lib/rails/rack/logger.rb:38:in `call_app'
  railties (4.0.5) lib/rails/rack/logger.rb:20:in `block in call'
  activesupport (4.0.5) lib/active_support/tagged_logging.rb:68:in `block in tagged'
  activesupport (4.0.5) lib/active_support/tagged_logging.rb:26:in `tagged'
  activesupport (4.0.5) lib/active_support/tagged_logging.rb:68:in `tagged'
  railties (4.0.5) lib/rails/rack/logger.rb:20:in `call'
  actionpack (4.0.5) lib/action_dispatch/middleware/request_id.rb:21:in `call'
  rack (1.5.5) lib/rack/methodoverride.rb:21:in `call'
  rack (1.5.5) lib/rack/runtime.rb:17:in `call'
  activesupport (4.0.5) lib/active_support/cache/strategy/local_cache.rb:83:in `call'
  rack (1.5.5) lib/rack/lock.rb:17:in `call'
  actionpack (4.0.5) lib/action_dispatch/middleware/static.rb:64:in `call'
  rack (1.5.5) lib/rack/sendfile.rb:112:in `call'
  railties (4.0.5) lib/rails/engine.rb:511:in `call'
  railties (4.0.5) lib/rails/application.rb:97:in `call'
  rack (1.5.5) lib/rack/lock.rb:17:in `call'
  rack (1.5.5) lib/rack/content_length.rb:14:in `call'
  rack (1.5.5) lib/rack/handler/webrick.rb:60:in `service'
  /home/vagrant/.rvm/rubies/ruby-2.0.0-p645/lib/ruby/2.0.0/webrick/httpserver.rb:138:in `service'
  /home/vagrant/.rvm/rubies/ruby-2.0.0-p645/lib/ruby/2.0.0/webrick/httpserver.rb:94:in `run'
  /home/vagrant/.rvm/rubies/ruby-2.0.0-p645/lib/ruby/2.0.0/webrick/server.rb:295:in `block in start_thread'


  Rendered /home/vagrant/.rvm/gems/ruby-2.0.0-p645@railstutorial_rails_4_0/gems/actionpack-4.0.5/lib/action_dispatch/middleware/templates/rescues/_trace.erb (1.6ms)
  Rendered /home/vagrant/.rvm/gems/ruby-2.0.0-p645@railstutorial_rails_4_0/gems/actionpack-4.0.5/lib/action_dispatch/middleware/templates/routes/_route.html.erb (25.5ms)
  Rendered /home/vagrant/.rvm/gems/ruby-2.0.0-p645@railstutorial_rails_4_0/gems/actionpack-4.0.5/lib/action_dispatch/middleware/templates/routes/_table.html.erb (1.2ms)
  Rendered /home/vagrant/.rvm/gems/ruby-2.0.0-p645@railstutorial_rails_4_0/gems/actionpack-4.0.5/lib/action_dispatch/middleware/templates/rescues/routing_error.erb within rescues/layout (45.6ms)


Started GET "/user/1" for 192.168.33.1 at 2015-08-13 12:12:37 +0000

ActionController::RoutingError (No route matches [GET] "/user/1"):
  actionpack (4.0.5) lib/action_dispatch/middleware/debug_exceptions.rb:21:in `call'
  actionpack (4.0.5) lib/action_dispatch/middleware/show_exceptions.rb:30:in `call'
  railties (4.0.5) lib/rails/rack/logger.rb:38:in `call_app'
  railties (4.0.5) lib/rails/rack/logger.rb:20:in `block in call'
  activesupport (4.0.5) lib/active_support/tagged_logging.rb:68:in `block in tagged'
  activesupport (4.0.5) lib/active_support/tagged_logging.rb:26:in `tagged'
  activesupport (4.0.5) lib/active_support/tagged_logging.rb:68:in `tagged'
  railties (4.0.5) lib/rails/rack/logger.rb:20:in `call'
  actionpack (4.0.5) lib/action_dispatch/middleware/request_id.rb:21:in `call'
  rack (1.5.5) lib/rack/methodoverride.rb:21:in `call'
  rack (1.5.5) lib/rack/runtime.rb:17:in `call'
  activesupport (4.0.5) lib/active_support/cache/strategy/local_cache.rb:83:in `call'
  rack (1.5.5) lib/rack/lock.rb:17:in `call'
  actionpack (4.0.5) lib/action_dispatch/middleware/static.rb:64:in `call'
  rack (1.5.5) lib/rack/sendfile.rb:112:in `call'
  railties (4.0.5) lib/rails/engine.rb:511:in `call'
  railties (4.0.5) lib/rails/application.rb:97:in `call'
  rack (1.5.5) lib/rack/lock.rb:17:in `call'
  rack (1.5.5) lib/rack/content_length.rb:14:in `call'
  rack (1.5.5) lib/rack/handler/webrick.rb:60:in `service'
  /home/vagrant/.rvm/rubies/ruby-2.0.0-p645/lib/ruby/2.0.0/webrick/httpserver.rb:138:in `service'
  /home/vagrant/.rvm/rubies/ruby-2.0.0-p645/lib/ruby/2.0.0/webrick/httpserver.rb:94:in `run'
  /home/vagrant/.rvm/rubies/ruby-2.0.0-p645/lib/ruby/2.0.0/webrick/server.rb:295:in `block in start_thread'


  Rendered /home/vagrant/.rvm/gems/ruby-2.0.0-p645@railstutorial_rails_4_0/gems/actionpack-4.0.5/lib/action_dispatch/middleware/templates/rescues/_trace.erb (1.1ms)
  Rendered /home/vagrant/.rvm/gems/ruby-2.0.0-p645@railstutorial_rails_4_0/gems/actionpack-4.0.5/lib/action_dispatch/middleware/templates/routes/_route.html.erb (1.5ms)
  Rendered /home/vagrant/.rvm/gems/ruby-2.0.0-p645@railstutorial_rails_4_0/gems/actionpack-4.0.5/lib/action_dispatch/middleware/templates/routes/_table.html.erb (1.3ms)
  Rendered /home/vagrant/.rvm/gems/ruby-2.0.0-p645@railstutorial_rails_4_0/gems/actionpack-4.0.5/lib/action_dispatch/middleware/templates/rescues/routing_error.erb within rescues/layout (19.2ms)


Started GET "/users/1" for 192.168.33.1 at 2015-08-13 12:12:58 +0000
Processing by UsersController#show as HTML
  Parameters: {"id"=>"1"}
  [1m[35mUser Load (0.2ms)[0m  SELECT "users".* FROM "users" WHERE "users"."id" = ? LIMIT 1  [["id", "1"]]
  Rendered users/show.html.erb within layouts/application (0.5ms)
  Rendered layouts/_shim.html.erb (0.4ms)
  Rendered layouts/_header.html.erb (0.9ms)
  Rendered layouts/_footer.html.erb (0.9ms)
Completed 200 OK in 107ms (Views: 87.5ms | ActiveRecord: 0.3ms)


Started GET "/assets/jquery.js?body=1" for 192.168.33.1 at 2015-08-13 12:12:58 +0000


Started GET "/assets/jquery_ujs.js?body=1" for 192.168.33.1 at 2015-08-13 12:12:58 +0000


Started GET "/assets/custom.css?body=1" for 192.168.33.1 at 2015-08-13 12:12:58 +0000


Started GET "/assets/turbolinks.js?body=1" for 192.168.33.1 at 2015-08-13 12:12:58 +0000


Started GET "/users/1" for 192.168.33.1 at 2015-08-13 12:32:26 +0000
Processing by UsersController#show as HTML
  Parameters: {"id"=>"1"}
  [1m[36mUser Load (0.8ms)[0m  [1mSELECT "users".* FROM "users" WHERE "users"."id" = ? LIMIT 1[0m  [["id", "1"]]
  Rendered users/show.html.erb within layouts/application (1.9ms)
  Rendered layouts/_shim.html.erb (0.0ms)
  Rendered layouts/_header.html.erb (0.5ms)
  Rendered layouts/_footer.html.erb (0.3ms)
Completed 200 OK in 20ms (Views: 17.3ms | ActiveRecord: 0.8ms)


Started GET "/assets/application.css?body=1" for 192.168.33.1 at 2015-08-13 12:32:26 +0000


Started GET "/assets/static_pages.css?body=1" for 192.168.33.1 at 2015-08-13 12:32:26 +0000


Started GET "/assets/custom.css?body=1" for 192.168.33.1 at 2015-08-13 12:32:26 +0000


Started GET "/assets/users.css?body=1" for 192.168.33.1 at 2015-08-13 12:32:26 +0000


Started GET "/assets/jquery.js?body=1" for 192.168.33.1 at 2015-08-13 12:32:26 +0000


Started GET "/assets/jquery_ujs.js?body=1" for 192.168.33.1 at 2015-08-13 12:32:26 +0000


Started GET "/assets/turbolinks.js?body=1" for 192.168.33.1 at 2015-08-13 12:32:26 +0000


Started GET "/assets/static_pages.js?body=1" for 192.168.33.1 at 2015-08-13 12:32:26 +0000


Started GET "/assets/users.js?body=1" for 192.168.33.1 at 2015-08-13 12:32:26 +0000


Started GET "/assets/application.js?body=1" for 192.168.33.1 at 2015-08-13 12:32:26 +0000


Started GET "/users/1" for 192.168.33.1 at 2015-08-13 12:48:15 +0000
Processing by UsersController#show as HTML
  Parameters: {"id"=>"1"}
  [1m[35mUser Load (0.1ms)[0m  SELECT "users".* FROM "users" WHERE "users"."id" = ? LIMIT 1  [["id", "1"]]
  Rendered users/show.html.erb within layouts/application (0.8ms)
  Rendered layouts/_shim.html.erb (0.0ms)
  Rendered layouts/_header.html.erb (0.3ms)
  Rendered layouts/_footer.html.erb (0.2ms)
Completed 200 OK in 24ms (Views: 10.1ms | ActiveRecord: 0.6ms)


Started GET "/assets/application.css?body=1" for 192.168.33.1 at 2015-08-13 12:48:15 +0000


Started GET "/assets/custom.css?body=1" for 192.168.33.1 at 2015-08-13 12:48:15 +0000


Started GET "/assets/static_pages.css?body=1" for 192.168.33.1 at 2015-08-13 12:48:15 +0000


Started GET "/assets/users.css?body=1" for 192.168.33.1 at 2015-08-13 12:48:15 +0000


Started GET "/assets/jquery.js?body=1" for 192.168.33.1 at 2015-08-13 12:48:15 +0000


Started GET "/assets/jquery_ujs.js?body=1" for 192.168.33.1 at 2015-08-13 12:48:15 +0000


Started GET "/assets/turbolinks.js?body=1" for 192.168.33.1 at 2015-08-13 12:48:15 +0000


Started GET "/assets/static_pages.js?body=1" for 192.168.33.1 at 2015-08-13 12:48:15 +0000


Started GET "/assets/users.js?body=1" for 192.168.33.1 at 2015-08-13 12:48:15 +0000


Started GET "/assets/application.js?body=1" for 192.168.33.1 at 2015-08-13 12:48:15 +0000


Started GET "/assets/application.css?body=1" for 192.168.33.1 at 2015-08-13 12:48:23 +0000


Started GET "/assets/custom.css?body=1" for 192.168.33.1 at 2015-08-13 12:48:23 +0000


Started GET "/assets/static_pages.css?body=1" for 192.168.33.1 at 2015-08-13 12:48:23 +0000


Started GET "/assets/users.css?body=1" for 192.168.33.1 at 2015-08-13 12:48:23 +0000
  [1m[36mUser Load (0.3ms)[0m  [1mSELECT "users".* FROM "users" ORDER BY "users"."id" ASC LIMIT 1[0m
  [1m[35m (0.2ms)[0m  begin transaction
  [1m[36mUser Exists (0.3ms)[0m  [1mSELECT 1 AS one FROM "users" WHERE (LOWER("users"."email") = LOWER('example@railstutorial.org') AND "users"."id" != 1) LIMIT 1[0m
Binary data inserted for `string` type on column `password_digest`
  [1m[35mSQL (2.9ms)[0m  UPDATE "users" SET "name" = ?, "email" = ?, "password_digest" = ?, "updated_at" = ? WHERE "users"."id" = 1  [["name", "Example User"], ["email", "example@railstutorial.org"], ["password_digest", "$2a$10$tiJGm.w8nzkq4oXsN/AF3OizgI0P7Ao2fcLkQZGh71BM613ReoJwS"], ["updated_at", Thu, 13 Aug 2015 12:49:21 UTC +00:00]]
  [1m[36m (32.2ms)[0m  [1mcommit transaction[0m


Started GET "/users/1" for 192.168.33.1 at 2015-08-13 12:51:42 +0000
Processing by UsersController#show as HTML
  Parameters: {"id"=>"1"}
  [1m[36mUser Load (0.2ms)[0m  [1mSELECT "users".* FROM "users" WHERE "users"."id" = ? LIMIT 1[0m  [["id", "1"]]
  Rendered users/show.html.erb within layouts/application (0.3ms)
  Rendered layouts/_shim.html.erb (0.0ms)
  Rendered layouts/_header.html.erb (0.3ms)
  Rendered layouts/_footer.html.erb (0.7ms)
Completed 200 OK in 17ms (Views: 13.6ms | ActiveRecord: 0.2ms)


Started GET "/assets/application.css?body=1" for 192.168.33.1 at 2015-08-13 12:51:42 +0000


Started GET "/assets/custom.css?body=1" for 192.168.33.1 at 2015-08-13 12:51:42 +0000


Started GET "/assets/users.css?body=1" for 192.168.33.1 at 2015-08-13 12:51:42 +0000


Started GET "/assets/static_pages.css?body=1" for 192.168.33.1 at 2015-08-13 12:51:42 +0000


Started GET "/assets/jquery.js?body=1" for 192.168.33.1 at 2015-08-13 12:51:42 +0000


Started GET "/assets/jquery_ujs.js?body=1" for 192.168.33.1 at 2015-08-13 12:51:42 +0000


Started GET "/assets/turbolinks.js?body=1" for 192.168.33.1 at 2015-08-13 12:51:42 +0000


Started GET "/assets/static_pages.js?body=1" for 192.168.33.1 at 2015-08-13 12:51:42 +0000


Started GET "/assets/users.js?body=1" for 192.168.33.1 at 2015-08-13 12:51:42 +0000


Started GET "/assets/application.js?body=1" for 192.168.33.1 at 2015-08-13 12:51:42 +0000


Started GET "/users/1" for 192.168.33.1 at 2015-08-13 12:58:22 +0000
Processing by UsersController#show as HTML
  Parameters: {"id"=>"1"}
  [1m[35mUser Load (0.2ms)[0m  SELECT "users".* FROM "users" WHERE "users"."id" = ? LIMIT 1  [["id", "1"]]
  Rendered users/show.html.erb within layouts/application (0.7ms)
  Rendered layouts/_shim.html.erb (0.1ms)
  Rendered layouts/_header.html.erb (0.7ms)
  Rendered layouts/_footer.html.erb (0.2ms)
Completed 200 OK in 870ms (Views: 868.2ms | ActiveRecord: 0.2ms)


Started GET "/assets/application.css?body=1" for 192.168.33.1 at 2015-08-13 12:58:23 +0000


Started GET "/assets/custom.css?body=1" for 192.168.33.1 at 2015-08-13 12:58:23 +0000


Started GET "/assets/users.css?body=1" for 192.168.33.1 at 2015-08-13 12:58:23 +0000


Started GET "/assets/static_pages.css?body=1" for 192.168.33.1 at 2015-08-13 12:58:23 +0000


Started GET "/assets/jquery_ujs.js?body=1" for 192.168.33.1 at 2015-08-13 12:58:23 +0000


Started GET "/assets/jquery.js?body=1" for 192.168.33.1 at 2015-08-13 12:58:23 +0000


Started GET "/assets/turbolinks.js?body=1" for 192.168.33.1 at 2015-08-13 12:58:23 +0000


Started GET "/assets/static_pages.js?body=1" for 192.168.33.1 at 2015-08-13 12:58:23 +0000


Started GET "/assets/users.js?body=1" for 192.168.33.1 at 2015-08-13 12:58:23 +0000


Started GET "/assets/application.js?body=1" for 192.168.33.1 at 2015-08-13 12:58:23 +0000


Started GET "/signup" for 192.168.33.1 at 2015-08-13 12:59:51 +0000
Processing by UsersController#new as HTML
  Rendered users/new.html.erb within layouts/application (0.5ms)
  Rendered layouts/_shim.html.erb (0.1ms)
  Rendered layouts/_header.html.erb (0.4ms)
  Rendered layouts/_footer.html.erb (0.2ms)
Completed 200 OK in 22ms (Views: 20.7ms | ActiveRecord: 0.0ms)


Started GET "/assets/custom.css?body=1" for 192.168.33.1 at 2015-08-13 12:59:51 +0000


Started GET "/assets/static_pages.css?body=1" for 192.168.33.1 at 2015-08-13 12:59:51 +0000


Started GET "/assets/jquery.js?body=1" for 192.168.33.1 at 2015-08-13 12:59:51 +0000


Started GET "/assets/users.css?body=1" for 192.168.33.1 at 2015-08-13 12:59:51 +0000


Started GET "/assets/jquery_ujs.js?body=1" for 192.168.33.1 at 2015-08-13 12:59:51 +0000


Started GET "/assets/application.css?body=1" for 192.168.33.1 at 2015-08-13 12:59:51 +0000


Started GET "/assets/turbolinks.js?body=1" for 192.168.33.1 at 2015-08-13 12:59:51 +0000


Started GET "/assets/static_pages.js?body=1" for 192.168.33.1 at 2015-08-13 12:59:51 +0000


Started GET "/assets/users.js?body=1" for 192.168.33.1 at 2015-08-13 12:59:51 +0000


Started GET "/assets/application.js?body=1" for 192.168.33.1 at 2015-08-13 12:59:51 +0000
  [1m[36m (25.0ms)[0m  [1mCREATE TABLE "users" ("id" INTEGER PRIMARY KEY AUTOINCREMENT NOT NULL, "name" varchar(255), "email" varchar(255), "created_at" datetime, "updated_at" datetime, "password_digest" varchar(255)) [0m
  [1m[35m (18.9ms)[0m  CREATE UNIQUE INDEX "index_users_on_email" ON "users" ("email")
  [1m[36m (18.6ms)[0m  [1mCREATE TABLE "schema_migrations" ("version" varchar(255) NOT NULL) [0m
  [1m[35m (9.7ms)[0m  CREATE UNIQUE INDEX "unique_schema_migrations" ON "schema_migrations" ("version")
  [1m[36m (0.0ms)[0m  [1mSELECT version FROM "schema_migrations"[0m
  [1m[35m (19.5ms)[0m  INSERT INTO "schema_migrations" (version) VALUES ('20150811151045')
  [1m[36m (9.6ms)[0m  [1mINSERT INTO "schema_migrations" (version) VALUES ('20150726090949')[0m
  [1m[35m (3.8ms)[0m  INSERT INTO "schema_migrations" (version) VALUES ('20150811133130')
  [1m[36mActiveRecord::SchemaMigration Load (0.1ms)[0m  [1mSELECT "schema_migrations".* FROM "schema_migrations"[0m
  [1m[36m (13.6ms)[0m  [1mCREATE TABLE "users" ("id" INTEGER PRIMARY KEY AUTOINCREMENT NOT NULL, "name" varchar(255), "email" varchar(255), "created_at" datetime, "updated_at" datetime, "password_digest" varchar(255)) [0m
  [1m[35m (20.4ms)[0m  CREATE UNIQUE INDEX "index_users_on_email" ON "users" ("email")
  [1m[36m (6.2ms)[0m  [1mCREATE TABLE "schema_migrations" ("version" varchar(255) NOT NULL) [0m
  [1m[35m (26.4ms)[0m  CREATE UNIQUE INDEX "unique_schema_migrations" ON "schema_migrations" ("version")
  [1m[36m (0.1ms)[0m  [1mSELECT version FROM "schema_migrations"[0m
  [1m[35m (17.4ms)[0m  INSERT INTO "schema_migrations" (version) VALUES ('20150811151045')
  [1m[36m (5.6ms)[0m  [1mINSERT INTO "schema_migrations" (version) VALUES ('20150726090949')[0m
  [1m[35m (3.7ms)[0m  INSERT INTO "schema_migrations" (version) VALUES ('20150811133130')


Started GET "/signup" for 192.168.33.1 at 2015-08-13 14:19:39 +0000
  [1m[36mActiveRecord::SchemaMigration Load (0.6ms)[0m  [1mSELECT "schema_migrations".* FROM "schema_migrations"[0m
Processing by UsersController#new as HTML
  Rendered users/new.html.erb within layouts/application (34.7ms)
  Rendered layouts/_shim.html.erb (0.3ms)
  Rendered layouts/_header.html.erb (0.8ms)
  Rendered layouts/_footer.html.erb (0.7ms)
Completed 200 OK in 140ms (Views: 127.5ms | ActiveRecord: 0.3ms)


Started GET "/assets/application.css?body=1" for 192.168.33.1 at 2015-08-13 14:19:40 +0000


Started GET "/assets/custom.css?body=1" for 192.168.33.1 at 2015-08-13 14:19:40 +0000


Started GET "/assets/static_pages.css?body=1" for 192.168.33.1 at 2015-08-13 14:19:40 +0000


Started GET "/assets/users.css?body=1" for 192.168.33.1 at 2015-08-13 14:19:40 +0000


Started GET "/assets/jquery.js?body=1" for 192.168.33.1 at 2015-08-13 14:19:40 +0000


Started GET "/assets/jquery_ujs.js?body=1" for 192.168.33.1 at 2015-08-13 14:19:40 +0000


Started GET "/assets/turbolinks.js?body=1" for 192.168.33.1 at 2015-08-13 14:19:40 +0000


Started GET "/assets/static_pages.js?body=1" for 192.168.33.1 at 2015-08-13 14:19:40 +0000


Started GET "/assets/users.js?body=1" for 192.168.33.1 at 2015-08-13 14:19:40 +0000


Started GET "/assets/application.js?body=1" for 192.168.33.1 at 2015-08-13 14:19:40 +0000


Started GET "/signup" for 192.168.33.1 at 2015-08-13 14:20:46 +0000
Processing by UsersController#new as HTML
  Rendered users/new.html.erb within layouts/application (5.5ms)
  Rendered layouts/_shim.html.erb (0.1ms)
  Rendered layouts/_header.html.erb (0.3ms)
  Rendered layouts/_footer.html.erb (0.1ms)
Completed 200 OK in 841ms (Views: 839.0ms | ActiveRecord: 0.0ms)


Started GET "/assets/application.css?body=1" for 192.168.33.1 at 2015-08-13 14:20:47 +0000


Started GET "/assets/custom.css?body=1" for 192.168.33.1 at 2015-08-13 14:20:47 +0000


Started GET "/assets/static_pages.css?body=1" for 192.168.33.1 at 2015-08-13 14:20:47 +0000


Started GET "/assets/jquery_ujs.js?body=1" for 192.168.33.1 at 2015-08-13 14:20:47 +0000


Started GET "/assets/jquery.js?body=1" for 192.168.33.1 at 2015-08-13 14:20:47 +0000


Started GET "/assets/users.css?body=1" for 192.168.33.1 at 2015-08-13 14:20:47 +0000


Started GET "/assets/turbolinks.js?body=1" for 192.168.33.1 at 2015-08-13 14:20:47 +0000


Started GET "/assets/application.js?body=1" for 192.168.33.1 at 2015-08-13 14:20:47 +0000


Started GET "/assets/users.js?body=1" for 192.168.33.1 at 2015-08-13 14:20:47 +0000


Started GET "/assets/static_pages.js?body=1" for 192.168.33.1 at 2015-08-13 14:20:47 +0000


Started POST "/users" for 192.168.33.1 at 2015-08-13 15:09:06 +0000
Processing by UsersController#create as HTML
  Parameters: {"utf8"=>"✓", "authenticity_token"=>"edjYssKM7Ejx8++ZGwiIsEGBHrs44hwld1TjrpC2c2g=", "user"=>{"name"=>"kaoru", "email"=>"example@test.com", "password"=>"[FILTERED]", "password_confirmation"=>"[FILTERED]"}, "commit"=>"Create my account"}
Completed 500 Internal Server Error in 6ms

ActiveModel::ForbiddenAttributesError (ActiveModel::ForbiddenAttributesError):
  app/controllers/users_controller.rb:9:in `create'


  Rendered /home/vagrant/.rvm/gems/ruby-2.0.0-p645@railstutorial_rails_4_0/gems/actionpack-4.0.5/lib/action_dispatch/middleware/templates/rescues/_source.erb (0.7ms)
  Rendered /home/vagrant/.rvm/gems/ruby-2.0.0-p645@railstutorial_rails_4_0/gems/actionpack-4.0.5/lib/action_dispatch/middleware/templates/rescues/_trace.erb (1.2ms)
  Rendered /home/vagrant/.rvm/gems/ruby-2.0.0-p645@railstutorial_rails_4_0/gems/actionpack-4.0.5/lib/action_dispatch/middleware/templates/rescues/_request_and_response.erb (1.0ms)
  Rendered /home/vagrant/.rvm/gems/ruby-2.0.0-p645@railstutorial_rails_4_0/gems/actionpack-4.0.5/lib/action_dispatch/middleware/templates/rescues/diagnostics.erb within rescues/layout (22.8ms)


Started GET "/users" for 192.168.33.1 at 2015-08-13 15:30:01 +0000

AbstractController::ActionNotFound (The action 'index' could not be found for UsersController):
  actionpack (4.0.5) lib/abstract_controller/base.rb:131:in `process'
  actionpack (4.0.5) lib/abstract_controller/rendering.rb:44:in `process'
  actionpack (4.0.5) lib/action_controller/metal.rb:195:in `dispatch'
  actionpack (4.0.5) lib/action_controller/metal/rack_delegation.rb:13:in `dispatch'
  actionpack (4.0.5) lib/action_controller/metal.rb:231:in `block in action'
  actionpack (4.0.5) lib/action_dispatch/routing/route_set.rb:80:in `call'
  actionpack (4.0.5) lib/action_dispatch/routing/route_set.rb:80:in `dispatch'
  actionpack (4.0.5) lib/action_dispatch/routing/route_set.rb:48:in `call'
  actionpack (4.0.5) lib/action_dispatch/journey/router.rb:71:in `block in call'
  actionpack (4.0.5) lib/action_dispatch/journey/router.rb:59:in `each'
  actionpack (4.0.5) lib/action_dispatch/journey/router.rb:59:in `call'
  actionpack (4.0.5) lib/action_dispatch/routing/route_set.rb:674:in `call'
  rack (1.5.5) lib/rack/etag.rb:23:in `call'
  rack (1.5.5) lib/rack/conditionalget.rb:25:in `call'
  rack (1.5.5) lib/rack/head.rb:11:in `call'
  actionpack (4.0.5) lib/action_dispatch/middleware/params_parser.rb:27:in `call'
  actionpack (4.0.5) lib/action_dispatch/middleware/flash.rb:241:in `call'
  rack (1.5.5) lib/rack/session/abstract/id.rb:225:in `context'
  rack (1.5.5) lib/rack/session/abstract/id.rb:220:in `call'
  actionpack (4.0.5) lib/action_dispatch/middleware/cookies.rb:486:in `call'
  activerecord (4.0.5) lib/active_record/query_cache.rb:36:in `call'
  activerecord (4.0.5) lib/active_record/connection_adapters/abstract/connection_pool.rb:626:in `call'
  activerecord (4.0.5) lib/active_record/migration.rb:373:in `call'
  actionpack (4.0.5) lib/action_dispatch/middleware/callbacks.rb:29:in `block in call'
  activesupport (4.0.5) lib/active_support/callbacks.rb:373:in `_run__3180143822856635756__call__callbacks'
  activesupport (4.0.5) lib/active_support/callbacks.rb:80:in `run_callbacks'
  actionpack (4.0.5) lib/action_dispatch/middleware/callbacks.rb:27:in `call'
  actionpack (4.0.5) lib/action_dispatch/middleware/reloader.rb:64:in `call'
  actionpack (4.0.5) lib/action_dispatch/middleware/remote_ip.rb:76:in `call'
  actionpack (4.0.5) lib/action_dispatch/middleware/debug_exceptions.rb:17:in `call'
  actionpack (4.0.5) lib/action_dispatch/middleware/show_exceptions.rb:30:in `call'
  railties (4.0.5) lib/rails/rack/logger.rb:38:in `call_app'
  railties (4.0.5) lib/rails/rack/logger.rb:20:in `block in call'
  activesupport (4.0.5) lib/active_support/tagged_logging.rb:68:in `block in tagged'
  activesupport (4.0.5) lib/active_support/tagged_logging.rb:26:in `tagged'
  activesupport (4.0.5) lib/active_support/tagged_logging.rb:68:in `tagged'
  railties (4.0.5) lib/rails/rack/logger.rb:20:in `call'
  actionpack (4.0.5) lib/action_dispatch/middleware/request_id.rb:21:in `call'
  rack (1.5.5) lib/rack/methodoverride.rb:21:in `call'
  rack (1.5.5) lib/rack/runtime.rb:17:in `call'
  activesupport (4.0.5) lib/active_support/cache/strategy/local_cache.rb:83:in `call'
  rack (1.5.5) lib/rack/lock.rb:17:in `call'
  actionpack (4.0.5) lib/action_dispatch/middleware/static.rb:64:in `call'
  rack (1.5.5) lib/rack/sendfile.rb:112:in `call'
  railties (4.0.5) lib/rails/engine.rb:511:in `call'
  railties (4.0.5) lib/rails/application.rb:97:in `call'
  rack (1.5.5) lib/rack/lock.rb:17:in `call'
  rack (1.5.5) lib/rack/content_length.rb:14:in `call'
  rack (1.5.5) lib/rack/handler/webrick.rb:60:in `service'
  /home/vagrant/.rvm/rubies/ruby-2.0.0-p645/lib/ruby/2.0.0/webrick/httpserver.rb:138:in `service'
  /home/vagrant/.rvm/rubies/ruby-2.0.0-p645/lib/ruby/2.0.0/webrick/httpserver.rb:94:in `run'
  /home/vagrant/.rvm/rubies/ruby-2.0.0-p645/lib/ruby/2.0.0/webrick/server.rb:295:in `block in start_thread'


  Rendered /home/vagrant/.rvm/gems/ruby-2.0.0-p645@railstutorial_rails_4_0/gems/actionpack-4.0.5/lib/action_dispatch/middleware/templates/rescues/unknown_action.erb within rescues/layout (0.3ms)


Started GET "/users" for 192.168.33.1 at 2015-08-13 15:30:11 +0000

AbstractController::ActionNotFound (The action 'index' could not be found for UsersController):
  actionpack (4.0.5) lib/abstract_controller/base.rb:131:in `process'
  actionpack (4.0.5) lib/abstract_controller/rendering.rb:44:in `process'
  actionpack (4.0.5) lib/action_controller/metal.rb:195:in `dispatch'
  actionpack (4.0.5) lib/action_controller/metal/rack_delegation.rb:13:in `dispatch'
  actionpack (4.0.5) lib/action_controller/metal.rb:231:in `block in action'
  actionpack (4.0.5) lib/action_dispatch/routing/route_set.rb:80:in `call'
  actionpack (4.0.5) lib/action_dispatch/routing/route_set.rb:80:in `dispatch'
  actionpack (4.0.5) lib/action_dispatch/routing/route_set.rb:48:in `call'
  actionpack (4.0.5) lib/action_dispatch/journey/router.rb:71:in `block in call'
  actionpack (4.0.5) lib/action_dispatch/journey/router.rb:59:in `each'
  actionpack (4.0.5) lib/action_dispatch/journey/router.rb:59:in `call'
  actionpack (4.0.5) lib/action_dispatch/routing/route_set.rb:674:in `call'
  rack (1.5.5) lib/rack/etag.rb:23:in `call'
  rack (1.5.5) lib/rack/conditionalget.rb:25:in `call'
  rack (1.5.5) lib/rack/head.rb:11:in `call'
  actionpack (4.0.5) lib/action_dispatch/middleware/params_parser.rb:27:in `call'
  actionpack (4.0.5) lib/action_dispatch/middleware/flash.rb:241:in `call'
  rack (1.5.5) lib/rack/session/abstract/id.rb:225:in `context'
  rack (1.5.5) lib/rack/session/abstract/id.rb:220:in `call'
  actionpack (4.0.5) lib/action_dispatch/middleware/cookies.rb:486:in `call'
  activerecord (4.0.5) lib/active_record/query_cache.rb:36:in `call'
  activerecord (4.0.5) lib/active_record/connection_adapters/abstract/connection_pool.rb:626:in `call'
  activerecord (4.0.5) lib/active_record/migration.rb:373:in `call'
  actionpack (4.0.5) lib/action_dispatch/middleware/callbacks.rb:29:in `block in call'
  activesupport (4.0.5) lib/active_support/callbacks.rb:373:in `_run__3180143822856635756__call__callbacks'
  activesupport (4.0.5) lib/active_support/callbacks.rb:80:in `run_callbacks'
  actionpack (4.0.5) lib/action_dispatch/middleware/callbacks.rb:27:in `call'
  actionpack (4.0.5) lib/action_dispatch/middleware/reloader.rb:64:in `call'
  actionpack (4.0.5) lib/action_dispatch/middleware/remote_ip.rb:76:in `call'
  actionpack (4.0.5) lib/action_dispatch/middleware/debug_exceptions.rb:17:in `call'
  actionpack (4.0.5) lib/action_dispatch/middleware/show_exceptions.rb:30:in `call'
  railties (4.0.5) lib/rails/rack/logger.rb:38:in `call_app'
  railties (4.0.5) lib/rails/rack/logger.rb:20:in `block in call'
  activesupport (4.0.5) lib/active_support/tagged_logging.rb:68:in `block in tagged'
  activesupport (4.0.5) lib/active_support/tagged_logging.rb:26:in `tagged'
  activesupport (4.0.5) lib/active_support/tagged_logging.rb:68:in `tagged'
  railties (4.0.5) lib/rails/rack/logger.rb:20:in `call'
  actionpack (4.0.5) lib/action_dispatch/middleware/request_id.rb:21:in `call'
  rack (1.5.5) lib/rack/methodoverride.rb:21:in `call'
  rack (1.5.5) lib/rack/runtime.rb:17:in `call'
  activesupport (4.0.5) lib/active_support/cache/strategy/local_cache.rb:83:in `call'
  rack (1.5.5) lib/rack/lock.rb:17:in `call'
  actionpack (4.0.5) lib/action_dispatch/middleware/static.rb:64:in `call'
  rack (1.5.5) lib/rack/sendfile.rb:112:in `call'
  railties (4.0.5) lib/rails/engine.rb:511:in `call'
  railties (4.0.5) lib/rails/application.rb:97:in `call'
  rack (1.5.5) lib/rack/lock.rb:17:in `call'
  rack (1.5.5) lib/rack/content_length.rb:14:in `call'
  rack (1.5.5) lib/rack/handler/webrick.rb:60:in `service'
  /home/vagrant/.rvm/rubies/ruby-2.0.0-p645/lib/ruby/2.0.0/webrick/httpserver.rb:138:in `service'
  /home/vagrant/.rvm/rubies/ruby-2.0.0-p645/lib/ruby/2.0.0/webrick/httpserver.rb:94:in `run'
  /home/vagrant/.rvm/rubies/ruby-2.0.0-p645/lib/ruby/2.0.0/webrick/server.rb:295:in `block in start_thread'


  Rendered /home/vagrant/.rvm/gems/ruby-2.0.0-p645@railstutorial_rails_4_0/gems/actionpack-4.0.5/lib/action_dispatch/middleware/templates/rescues/unknown_action.erb within rescues/layout (0.4ms)


Started GET "/users" for 192.168.33.1 at 2015-08-13 15:37:39 +0000

AbstractController::ActionNotFound (The action 'index' could not be found for UsersController):
  actionpack (4.0.5) lib/abstract_controller/base.rb:131:in `process'
  actionpack (4.0.5) lib/abstract_controller/rendering.rb:44:in `process'
  actionpack (4.0.5) lib/action_controller/metal.rb:195:in `dispatch'
  actionpack (4.0.5) lib/action_controller/metal/rack_delegation.rb:13:in `dispatch'
  actionpack (4.0.5) lib/action_controller/metal.rb:231:in `block in action'
  actionpack (4.0.5) lib/action_dispatch/routing/route_set.rb:80:in `call'
  actionpack (4.0.5) lib/action_dispatch/routing/route_set.rb:80:in `dispatch'
  actionpack (4.0.5) lib/action_dispatch/routing/route_set.rb:48:in `call'
  actionpack (4.0.5) lib/action_dispatch/journey/router.rb:71:in `block in call'
  actionpack (4.0.5) lib/action_dispatch/journey/router.rb:59:in `each'
  actionpack (4.0.5) lib/action_dispatch/journey/router.rb:59:in `call'
  actionpack (4.0.5) lib/action_dispatch/routing/route_set.rb:674:in `call'
  rack (1.5.5) lib/rack/etag.rb:23:in `call'
  rack (1.5.5) lib/rack/conditionalget.rb:25:in `call'
  rack (1.5.5) lib/rack/head.rb:11:in `call'
  actionpack (4.0.5) lib/action_dispatch/middleware/params_parser.rb:27:in `call'
  actionpack (4.0.5) lib/action_dispatch/middleware/flash.rb:241:in `call'
  rack (1.5.5) lib/rack/session/abstract/id.rb:225:in `context'
  rack (1.5.5) lib/rack/session/abstract/id.rb:220:in `call'
  actionpack (4.0.5) lib/action_dispatch/middleware/cookies.rb:486:in `call'
  activerecord (4.0.5) lib/active_record/query_cache.rb:36:in `call'
  activerecord (4.0.5) lib/active_record/connection_adapters/abstract/connection_pool.rb:626:in `call'
  activerecord (4.0.5) lib/active_record/migration.rb:373:in `call'
  actionpack (4.0.5) lib/action_dispatch/middleware/callbacks.rb:29:in `block in call'
  activesupport (4.0.5) lib/active_support/callbacks.rb:373:in `_run__3180143822856635756__call__callbacks'
  activesupport (4.0.5) lib/active_support/callbacks.rb:80:in `run_callbacks'
  actionpack (4.0.5) lib/action_dispatch/middleware/callbacks.rb:27:in `call'
  actionpack (4.0.5) lib/action_dispatch/middleware/reloader.rb:64:in `call'
  actionpack (4.0.5) lib/action_dispatch/middleware/remote_ip.rb:76:in `call'
  actionpack (4.0.5) lib/action_dispatch/middleware/debug_exceptions.rb:17:in `call'
  actionpack (4.0.5) lib/action_dispatch/middleware/show_exceptions.rb:30:in `call'
  railties (4.0.5) lib/rails/rack/logger.rb:38:in `call_app'
  railties (4.0.5) lib/rails/rack/logger.rb:20:in `block in call'
  activesupport (4.0.5) lib/active_support/tagged_logging.rb:68:in `block in tagged'
  activesupport (4.0.5) lib/active_support/tagged_logging.rb:26:in `tagged'
  activesupport (4.0.5) lib/active_support/tagged_logging.rb:68:in `tagged'
  railties (4.0.5) lib/rails/rack/logger.rb:20:in `call'
  actionpack (4.0.5) lib/action_dispatch/middleware/request_id.rb:21:in `call'
  rack (1.5.5) lib/rack/methodoverride.rb:21:in `call'
  rack (1.5.5) lib/rack/runtime.rb:17:in `call'
  activesupport (4.0.5) lib/active_support/cache/strategy/local_cache.rb:83:in `call'
  rack (1.5.5) lib/rack/lock.rb:17:in `call'
  actionpack (4.0.5) lib/action_dispatch/middleware/static.rb:64:in `call'
  rack (1.5.5) lib/rack/sendfile.rb:112:in `call'
  railties (4.0.5) lib/rails/engine.rb:511:in `call'
  railties (4.0.5) lib/rails/application.rb:97:in `call'
  rack (1.5.5) lib/rack/lock.rb:17:in `call'
  rack (1.5.5) lib/rack/content_length.rb:14:in `call'
  rack (1.5.5) lib/rack/handler/webrick.rb:60:in `service'
  /home/vagrant/.rvm/rubies/ruby-2.0.0-p645/lib/ruby/2.0.0/webrick/httpserver.rb:138:in `service'
  /home/vagrant/.rvm/rubies/ruby-2.0.0-p645/lib/ruby/2.0.0/webrick/httpserver.rb:94:in `run'
  /home/vagrant/.rvm/rubies/ruby-2.0.0-p645/lib/ruby/2.0.0/webrick/server.rb:295:in `block in start_thread'


  Rendered /home/vagrant/.rvm/gems/ruby-2.0.0-p645@railstutorial_rails_4_0/gems/actionpack-4.0.5/lib/action_dispatch/middleware/templates/rescues/unknown_action.erb within rescues/layout (0.4ms)


Started GET "/users" for 192.168.33.1 at 2015-08-13 15:42:26 +0000
  [1m[36mActiveRecord::SchemaMigration Load (0.0ms)[0m  [1mSELECT "schema_migrations".* FROM "schema_migrations"[0m

AbstractController::ActionNotFound (The action 'index' could not be found for UsersController):
  actionpack (4.0.5) lib/abstract_controller/base.rb:131:in `process'
  actionpack (4.0.5) lib/abstract_controller/rendering.rb:44:in `process'
  actionpack (4.0.5) lib/action_controller/metal.rb:195:in `dispatch'
  actionpack (4.0.5) lib/action_controller/metal/rack_delegation.rb:13:in `dispatch'
  actionpack (4.0.5) lib/action_controller/metal.rb:231:in `block in action'
  actionpack (4.0.5) lib/action_dispatch/routing/route_set.rb:80:in `call'
  actionpack (4.0.5) lib/action_dispatch/routing/route_set.rb:80:in `dispatch'
  actionpack (4.0.5) lib/action_dispatch/routing/route_set.rb:48:in `call'
  actionpack (4.0.5) lib/action_dispatch/journey/router.rb:71:in `block in call'
  actionpack (4.0.5) lib/action_dispatch/journey/router.rb:59:in `each'
  actionpack (4.0.5) lib/action_dispatch/journey/router.rb:59:in `call'
  actionpack (4.0.5) lib/action_dispatch/routing/route_set.rb:674:in `call'
  rack (1.5.5) lib/rack/etag.rb:23:in `call'
  rack (1.5.5) lib/rack/conditionalget.rb:25:in `call'
  rack (1.5.5) lib/rack/head.rb:11:in `call'
  actionpack (4.0.5) lib/action_dispatch/middleware/params_parser.rb:27:in `call'
  actionpack (4.0.5) lib/action_dispatch/middleware/flash.rb:241:in `call'
  rack (1.5.5) lib/rack/session/abstract/id.rb:225:in `context'
  rack (1.5.5) lib/rack/session/abstract/id.rb:220:in `call'
  actionpack (4.0.5) lib/action_dispatch/middleware/cookies.rb:486:in `call'
  activerecord (4.0.5) lib/active_record/query_cache.rb:36:in `call'
  activerecord (4.0.5) lib/active_record/connection_adapters/abstract/connection_pool.rb:626:in `call'
  activerecord (4.0.5) lib/active_record/migration.rb:373:in `call'
  actionpack (4.0.5) lib/action_dispatch/middleware/callbacks.rb:29:in `block in call'
  activesupport (4.0.5) lib/active_support/callbacks.rb:373:in `_run__2634525996311202559__call__callbacks'
  activesupport (4.0.5) lib/active_support/callbacks.rb:80:in `run_callbacks'
  actionpack (4.0.5) lib/action_dispatch/middleware/callbacks.rb:27:in `call'
  actionpack (4.0.5) lib/action_dispatch/middleware/reloader.rb:64:in `call'
  actionpack (4.0.5) lib/action_dispatch/middleware/remote_ip.rb:76:in `call'
  actionpack (4.0.5) lib/action_dispatch/middleware/debug_exceptions.rb:17:in `call'
  actionpack (4.0.5) lib/action_dispatch/middleware/show_exceptions.rb:30:in `call'
  railties (4.0.5) lib/rails/rack/logger.rb:38:in `call_app'
  railties (4.0.5) lib/rails/rack/logger.rb:20:in `block in call'
  activesupport (4.0.5) lib/active_support/tagged_logging.rb:68:in `block in tagged'
  activesupport (4.0.5) lib/active_support/tagged_logging.rb:26:in `tagged'
  activesupport (4.0.5) lib/active_support/tagged_logging.rb:68:in `tagged'
  railties (4.0.5) lib/rails/rack/logger.rb:20:in `call'
  actionpack (4.0.5) lib/action_dispatch/middleware/request_id.rb:21:in `call'
  rack (1.5.5) lib/rack/methodoverride.rb:21:in `call'
  rack (1.5.5) lib/rack/runtime.rb:17:in `call'
  activesupport (4.0.5) lib/active_support/cache/strategy/local_cache.rb:83:in `call'
  rack (1.5.5) lib/rack/lock.rb:17:in `call'
  actionpack (4.0.5) lib/action_dispatch/middleware/static.rb:64:in `call'
  rack (1.5.5) lib/rack/sendfile.rb:112:in `call'
  railties (4.0.5) lib/rails/engine.rb:511:in `call'
  railties (4.0.5) lib/rails/application.rb:97:in `call'
  rack (1.5.5) lib/rack/lock.rb:17:in `call'
  rack (1.5.5) lib/rack/content_length.rb:14:in `call'
  rack (1.5.5) lib/rack/handler/webrick.rb:60:in `service'
  /home/vagrant/.rvm/rubies/ruby-2.0.0-p645/lib/ruby/2.0.0/webrick/httpserver.rb:138:in `service'
  /home/vagrant/.rvm/rubies/ruby-2.0.0-p645/lib/ruby/2.0.0/webrick/httpserver.rb:94:in `run'
  /home/vagrant/.rvm/rubies/ruby-2.0.0-p645/lib/ruby/2.0.0/webrick/server.rb:295:in `block in start_thread'


  Rendered /home/vagrant/.rvm/gems/ruby-2.0.0-p645@railstutorial_rails_4_0/gems/actionpack-4.0.5/lib/action_dispatch/middleware/templates/rescues/unknown_action.erb within rescues/layout (1.0ms)


Started GET "/" for 192.168.33.1 at 2015-08-13 15:42:31 +0000
Processing by StaticPagesController#home as HTML
  Rendered static_pages/home.html.erb within layouts/application (12.5ms)
  Rendered layouts/_shim.html.erb (0.3ms)
  Rendered layouts/_header.html.erb (1.0ms)
  Rendered layouts/_footer.html.erb (0.9ms)
Completed 200 OK in 1192ms (Views: 1190.0ms | ActiveRecord: 0.0ms)


Started GET "/assets/application.css?body=1" for 192.168.33.1 at 2015-08-13 15:42:33 +0000


Started GET "/assets/static_pages.css?body=1" for 192.168.33.1 at 2015-08-13 15:42:33 +0000


Started GET "/assets/custom.css?body=1" for 192.168.33.1 at 2015-08-13 15:42:33 +0000


Started GET "/assets/users.css?body=1" for 192.168.33.1 at 2015-08-13 15:42:33 +0000


Started GET "/assets/jquery_ujs.js?body=1" for 192.168.33.1 at 2015-08-13 15:42:33 +0000


Started GET "/assets/jquery.js?body=1" for 192.168.33.1 at 2015-08-13 15:42:33 +0000


Started GET "/assets/turbolinks.js?body=1" for 192.168.33.1 at 2015-08-13 15:42:33 +0000


Started GET "/assets/static_pages.js?body=1" for 192.168.33.1 at 2015-08-13 15:42:33 +0000


Started GET "/assets/users.js?body=1" for 192.168.33.1 at 2015-08-13 15:42:33 +0000


Started GET "/assets/application.js?body=1" for 192.168.33.1 at 2015-08-13 15:42:33 +0000


Started GET "/images/rails.png" for 192.168.33.1 at 2015-08-13 15:42:33 +0000

ActionController::RoutingError (No route matches [GET] "/images/rails.png"):
  actionpack (4.0.5) lib/action_dispatch/middleware/debug_exceptions.rb:21:in `call'
  actionpack (4.0.5) lib/action_dispatch/middleware/show_exceptions.rb:30:in `call'
  railties (4.0.5) lib/rails/rack/logger.rb:38:in `call_app'
  railties (4.0.5) lib/rails/rack/logger.rb:20:in `block in call'
  activesupport (4.0.5) lib/active_support/tagged_logging.rb:68:in `block in tagged'
  activesupport (4.0.5) lib/active_support/tagged_logging.rb:26:in `tagged'
  activesupport (4.0.5) lib/active_support/tagged_logging.rb:68:in `tagged'
  railties (4.0.5) lib/rails/rack/logger.rb:20:in `call'
  actionpack (4.0.5) lib/action_dispatch/middleware/request_id.rb:21:in `call'
  rack (1.5.5) lib/rack/methodoverride.rb:21:in `call'
  rack (1.5.5) lib/rack/runtime.rb:17:in `call'
  activesupport (4.0.5) lib/active_support/cache/strategy/local_cache.rb:83:in `call'
  rack (1.5.5) lib/rack/lock.rb:17:in `call'
  actionpack (4.0.5) lib/action_dispatch/middleware/static.rb:64:in `call'
  rack (1.5.5) lib/rack/sendfile.rb:112:in `call'
  railties (4.0.5) lib/rails/engine.rb:511:in `call'
  railties (4.0.5) lib/rails/application.rb:97:in `call'
  rack (1.5.5) lib/rack/lock.rb:17:in `call'
  rack (1.5.5) lib/rack/content_length.rb:14:in `call'
  rack (1.5.5) lib/rack/handler/webrick.rb:60:in `service'
  /home/vagrant/.rvm/rubies/ruby-2.0.0-p645/lib/ruby/2.0.0/webrick/httpserver.rb:138:in `service'
  /home/vagrant/.rvm/rubies/ruby-2.0.0-p645/lib/ruby/2.0.0/webrick/httpserver.rb:94:in `run'
  /home/vagrant/.rvm/rubies/ruby-2.0.0-p645/lib/ruby/2.0.0/webrick/server.rb:295:in `block in start_thread'


  Rendered /home/vagrant/.rvm/gems/ruby-2.0.0-p645@railstutorial_rails_4_0/gems/actionpack-4.0.5/lib/action_dispatch/middleware/templates/rescues/_trace.erb (1.6ms)
  Rendered /home/vagrant/.rvm/gems/ruby-2.0.0-p645@railstutorial_rails_4_0/gems/actionpack-4.0.5/lib/action_dispatch/middleware/templates/routes/_route.html.erb (2.6ms)
  Rendered /home/vagrant/.rvm/gems/ruby-2.0.0-p645@railstutorial_rails_4_0/gems/actionpack-4.0.5/lib/action_dispatch/middleware/templates/routes/_table.html.erb (61.8ms)
  Rendered /home/vagrant/.rvm/gems/ruby-2.0.0-p645@railstutorial_rails_4_0/gems/actionpack-4.0.5/lib/action_dispatch/middleware/templates/rescues/routing_error.erb within rescues/layout (90.7ms)


Started GET "/signup_path" for 192.168.33.1 at 2015-08-13 15:42:38 +0000

ActionController::RoutingError (No route matches [GET] "/signup_path"):
  actionpack (4.0.5) lib/action_dispatch/middleware/debug_exceptions.rb:21:in `call'
  actionpack (4.0.5) lib/action_dispatch/middleware/show_exceptions.rb:30:in `call'
  railties (4.0.5) lib/rails/rack/logger.rb:38:in `call_app'
  railties (4.0.5) lib/rails/rack/logger.rb:20:in `block in call'
  activesupport (4.0.5) lib/active_support/tagged_logging.rb:68:in `block in tagged'
  activesupport (4.0.5) lib/active_support/tagged_logging.rb:26:in `tagged'
  activesupport (4.0.5) lib/active_support/tagged_logging.rb:68:in `tagged'
  railties (4.0.5) lib/rails/rack/logger.rb:20:in `call'
  actionpack (4.0.5) lib/action_dispatch/middleware/request_id.rb:21:in `call'
  rack (1.5.5) lib/rack/methodoverride.rb:21:in `call'
  rack (1.5.5) lib/rack/runtime.rb:17:in `call'
  activesupport (4.0.5) lib/active_support/cache/strategy/local_cache.rb:83:in `call'
  rack (1.5.5) lib/rack/lock.rb:17:in `call'
  actionpack (4.0.5) lib/action_dispatch/middleware/static.rb:64:in `call'
  rack (1.5.5) lib/rack/sendfile.rb:112:in `call'
  railties (4.0.5) lib/rails/engine.rb:511:in `call'
  railties (4.0.5) lib/rails/application.rb:97:in `call'
  rack (1.5.5) lib/rack/lock.rb:17:in `call'
  rack (1.5.5) lib/rack/content_length.rb:14:in `call'
  rack (1.5.5) lib/rack/handler/webrick.rb:60:in `service'
  /home/vagrant/.rvm/rubies/ruby-2.0.0-p645/lib/ruby/2.0.0/webrick/httpserver.rb:138:in `service'
  /home/vagrant/.rvm/rubies/ruby-2.0.0-p645/lib/ruby/2.0.0/webrick/httpserver.rb:94:in `run'
  /home/vagrant/.rvm/rubies/ruby-2.0.0-p645/lib/ruby/2.0.0/webrick/server.rb:295:in `block in start_thread'


  Rendered /home/vagrant/.rvm/gems/ruby-2.0.0-p645@railstutorial_rails_4_0/gems/actionpack-4.0.5/lib/action_dispatch/middleware/templates/rescues/_trace.erb (1.6ms)
  Rendered /home/vagrant/.rvm/gems/ruby-2.0.0-p645@railstutorial_rails_4_0/gems/actionpack-4.0.5/lib/action_dispatch/middleware/templates/routes/_route.html.erb (2.0ms)
  Rendered /home/vagrant/.rvm/gems/ruby-2.0.0-p645@railstutorial_rails_4_0/gems/actionpack-4.0.5/lib/action_dispatch/middleware/templates/routes/_table.html.erb (1.1ms)
  Rendered /home/vagrant/.rvm/gems/ruby-2.0.0-p645@railstutorial_rails_4_0/gems/actionpack-4.0.5/lib/action_dispatch/middleware/templates/rescues/routing_error.erb within rescues/layout (24.5ms)


Started GET "/signup" for 192.168.33.1 at 2015-08-13 15:42:46 +0000
Processing by UsersController#new as HTML
  Rendered shared/_error_messages.html.erb (1.6ms)
  Rendered users/new.html.erb within layouts/application (21.5ms)
  Rendered layouts/_shim.html.erb (0.0ms)
  Rendered layouts/_header.html.erb (0.3ms)
  Rendered layouts/_footer.html.erb (0.2ms)
Completed 200 OK in 56ms (Views: 31.1ms | ActiveRecord: 0.8ms)


Started GET "/assets/users.css?body=1" for 192.168.33.1 at 2015-08-13 15:42:46 +0000


Started GET "/assets/static_pages.css?body=1" for 192.168.33.1 at 2015-08-13 15:42:46 +0000


Started GET "/assets/jquery_ujs.js?body=1" for 192.168.33.1 at 2015-08-13 15:42:46 +0000


Started GET "/assets/jquery.js?body=1" for 192.168.33.1 at 2015-08-13 15:42:46 +0000


Started GET "/assets/custom.css?body=1" for 192.168.33.1 at 2015-08-13 15:42:46 +0000


Started GET "/assets/application.css?body=1" for 192.168.33.1 at 2015-08-13 15:42:46 +0000


Started GET "/assets/turbolinks.js?body=1" for 192.168.33.1 at 2015-08-13 15:42:46 +0000


Started GET "/assets/static_pages.js?body=1" for 192.168.33.1 at 2015-08-13 15:42:46 +0000


Started GET "/assets/application.js?body=1" for 192.168.33.1 at 2015-08-13 15:42:46 +0000


Started GET "/assets/users.js?body=1" for 192.168.33.1 at 2015-08-13 15:42:46 +0000


Started POST "/users" for 192.168.33.1 at 2015-08-13 15:43:07 +0000
Processing by UsersController#create as HTML
  Parameters: {"utf8"=>"✓", "authenticity_token"=>"edjYssKM7Ejx8++ZGwiIsEGBHrs44hwld1TjrpC2c2g=", "user"=>{"name"=>"", "email"=>"", "password"=>"[FILTERED]", "password_confirmation"=>"[FILTERED]"}, "commit"=>"Create my account"}
  [1m[35m (0.1ms)[0m  begin transaction
  [1m[36mUser Exists (0.2ms)[0m  [1mSELECT 1 AS one FROM "users" WHERE LOWER("users"."email") = LOWER('') LIMIT 1[0m
  [1m[35m (0.1ms)[0m  rollback transaction
  Rendered shared/_error_messages.html.erb (4.1ms)
  Rendered users/new.html.erb within layouts/application (8.2ms)
  Rendered layouts/_shim.html.erb (0.1ms)
  Rendered layouts/_header.html.erb (0.9ms)
  Rendered layouts/_footer.html.erb (0.2ms)
Completed 200 OK in 61ms (Views: 45.8ms | ActiveRecord: 0.4ms)


Started GET "/assets/static_pages.css?body=1" for 192.168.33.1 at 2015-08-13 15:43:07 +0000


Started GET "/assets/users.css?body=1" for 192.168.33.1 at 2015-08-13 15:43:07 +0000


Started GET "/assets/custom.css?body=1" for 192.168.33.1 at 2015-08-13 15:43:07 +0000


Started GET "/assets/jquery_ujs.js?body=1" for 192.168.33.1 at 2015-08-13 15:43:07 +0000


Started GET "/assets/jquery.js?body=1" for 192.168.33.1 at 2015-08-13 15:43:07 +0000


Started GET "/assets/application.css?body=1" for 192.168.33.1 at 2015-08-13 15:43:07 +0000


Started GET "/assets/turbolinks.js?body=1" for 192.168.33.1 at 2015-08-13 15:43:07 +0000


Started GET "/assets/users.js?body=1" for 192.168.33.1 at 2015-08-13 15:43:07 +0000


Started GET "/assets/static_pages.js?body=1" for 192.168.33.1 at 2015-08-13 15:43:07 +0000


Started GET "/assets/application.js?body=1" for 192.168.33.1 at 2015-08-13 15:43:07 +0000
